--------------- Build Started: 11/27/2013 10:04:02 Project: EX_6_1_201130430_1, Configuration: DP8051 Keil 9.51 Debug ---------------
cydsfit.exe "-.appdatapath" "C:\Users\Mads\AppData\Local\Cypress Semiconductor\PSoC Creator\3.0" "-.fdsnotice" "-.fdswarpdepfile=warp_dependencies.txt" "-.fdselabdepfile=elab_dependencies.txt" "-.fdsbldfile=generated_files.txt" "-p" "C:\Users\Mads\Desktop\3. Semester\E3MSE\ovelser\Oevelse6\EX_6_1_201130430_1.cydsn\EX_6_1_201130430_1.cyprj" "-d" "CY8C3866AXI-040" "-s" "C:\Users\Mads\Desktop\3. Semester\E3MSE\ovelser\Oevelse6\EX_6_1_201130430_1.cydsn\Generated_Source\PSoC3" "--" "-yv2" "-v3" "-ygs" "-q10" "-o2" "-.fftcfgtype=BE"
Elaborating Design...
HDL Generation ...
Synthesis ...
Place and Route ...
Tech mapping ...
Info: mpr.M0037: Unused pieces of the design have been optimized out. See the Tech mapping section of the report file for details. (App=cydsfit)
Analog Placement ...
Log: apr.M0058: The analog placement iterative improvement is 36% done. (App=cydsfit)
Log: apr.M0058: The analog placement iterative improvement is 88% done. (App=cydsfit)
Analog Routing ...
Analog Code Generation ...
Digital Placement ...
Digital Routing ...
Bitstream Generation ...
Static timing analysis ...
API Generation ...
Dependency Generation ...
Clean Temporary Files ...
c51.exe .\main.c NOIV LARGE MODDP2 OMF2 VB(1) PR(.\DP8051\DP8051_Keil_951\Debug\main.lst) CD DB NOIP "OT(2, Size)" "INCDIR(., .\Generated_Source\PSoC3)" OJ(.\DP8051\DP8051_Keil_951\Debug\main.obj)
c51.exe .\Generated_Source\PSoC3\cyfitter_cfg.c NOIV LARGE MODDP2 OMF2 VB(1) PR(.\DP8051\DP8051_Keil_951\Debug\cyfitter_cfg.lst) CD DB NOIP "OT(2, Size)" "INCDIR(., .\Generated_Source\PSoC3)" OJ(.\DP8051\DP8051_Keil_951\Debug\cyfitter_cfg.obj)
c51.exe .\Generated_Source\PSoC3\PGA_1.c NOIV LARGE MODDP2 OMF2 VB(1) PR(.\DP8051\DP8051_Keil_951\Debug\PGA_1.lst) CD DB NOIP "OT(2, Size)" "INCDIR(., .\Generated_Source\PSoC3)" OJ(.\DP8051\DP8051_Keil_951\Debug\PGA_1.obj)
c51.exe .\Generated_Source\PSoC3\PGA_1_PM.c NOIV LARGE MODDP2 OMF2 VB(1) PR(.\DP8051\DP8051_Keil_951\Debug\PGA_1_PM.lst) CD DB NOIP "OT(2, Size)" "INCDIR(., .\Generated_Source\PSoC3)" OJ(.\DP8051\DP8051_Keil_951\Debug\PGA_1_PM.obj)
LIBX51.exe TRANSFER '.\DP8051\DP8051_Keil_951\Debug\cyfitter_cfg.obj', '.\DP8051\DP8051_Keil_951\Debug\Signal_in.obj', '.\DP8051\DP8051_Keil_951\Debug\DAC_out.obj', '.\DP8051\DP8051_Keil_951\Debug\CyBootAsmKeil.obj', '.\DP8051\DP8051_Keil_951\Debug\CyDmac.obj', '.\DP8051\DP8051_Keil_951\Debug\CyFlash.obj', '.\DP8051\DP8051_Keil_951\Debug\CyLib.obj', '.\DP8051\DP8051_Keil_951\Debug\cymem.obj', '.\DP8051\DP8051_Keil_951\Debug\cyPm.obj', '.\DP8051\DP8051_Keil_951\Debug\CySpc.obj', '.\DP8051\DP8051_Keil_951\Debug\cyutils.obj', '.\DP8051\DP8051_Keil_951\Debug\KeilStart.obj', '.\DP8051\DP8051_Keil_951\Debug\ADC_DelSig_1.obj', '.\DP8051\DP8051_Keil_951\Debug\ADC_DelSig_1_PM.obj', '.\DP8051\DP8051_Keil_951\Debug\ADC_DelSig_1_INT.obj', '.\DP8051\DP8051_Keil_951\Debug\DMA_1_dma.obj', '.\DP8051\DP8051_Keil_951\Debug\VDAC8_1.obj', '.\DP8051\DP8051_Keil_951\Debug\VDAC8_1_PM.obj', '.\DP8051\DP8051_Keil_951\Debug\ADC_DelSig_1_theACLK.obj', '.\DP8051\DP8051_Keil_951\Debug\ADC_DelSig_1_Ext_CP_Clk.obj', '.\DP8051\DP8051_Keil_951\Debug\Filter_1.obj', '.\DP8051\DP8051_Keil_951\Debug\Filter_1_PM.obj', '.\DP8051\DP8051_Keil_951\Debug\Filter_1_PVT.obj', '.\DP8051\DP8051_Keil_951\Debug\Filter_1_RAM_Data.obj', '.\DP8051\DP8051_Keil_951\Debug\Filter_1_Coefficients.obj', '.\DP8051\DP8051_Keil_951\Debug\DMA_2_dma.obj', '.\DP8051\DP8051_Keil_951\Debug\Control_Reg_1.obj', '.\DP8051\DP8051_Keil_951\Debug\isr_1.obj', '.\DP8051\DP8051_Keil_951\Debug\isr_2.obj', '.\DP8051\DP8051_Keil_951\Debug\test_01.obj', '.\DP8051\DP8051_Keil_951\Debug\Opamp_1.obj', '.\DP8051\DP8051_Keil_951\Debug\Opamp_1_PM.obj', '.\DP8051\DP8051_Keil_951\Debug\V_Ref.obj', '.\DP8051\DP8051_Keil_951\Debug\PGA_1.obj', '.\DP8051\DP8051_Keil_951\Debug\PGA_1_PM.obj', '.\DP8051\DP8051_Keil_951\Debug\ADC_DelSig_1_IRQ.obj' TO '.\DP8051\DP8051_Keil_951\Debug\EX_6_1_201130430_1.lib'
LX51.exe '.\DP8051\DP8051_Keil_951\Debug\main.obj', '.\DP8051\DP8051_Keil_951\Debug\EX_6_1_201130430_1.lib', 'C:\Program Files (x86)\Cypress\PSoC Creator\3.0\PSoC Creator\psoc\content\cycomponentlibrary\CyComponentLibrary.cylib\DP8051\DP8051_Keil_951\Debug\CyComponentLibrary.lib'  TO '.\DP8051\DP8051_Keil_951\Debug\EX_6_1_201130430_1.omf' PR(.\DP8051\DP8051_Keil_951\Debug\EX_6_1_201130430_1.map) IX CODE DW(16) RU CL(XDATA(X:0x0000-X:0x1FFF)) CL(CODE(C:0x0000-C:0xFFFF)) CL(CONST(C:0x0000-C:0xFFFF))
*** WARNING L15: MULTIPLE CALL TO FUNCTION
    NAME:    _TEST_01_WRITE/TEST_01
    CALLER1: ADC_INT/MAIN
    CALLER2: SAMPLE_INT/MAIN
Program Size: data=14.0 xdata=169 const=1645 code=9796
OHx51.exe EX_6_1_201130430_1.omf HEXFILE(EX_6_1_201130430_1.ihx)
c8051-elf-omf2elf.exe EX_6_1_201130430_1.omf EX_6_1_201130430_1.elf
cyhextool -o .\DP8051\DP8051_Keil_951\Debug\EX_6_1_201130430_1.hex -f .\DP8051\DP8051_Keil_951\Debug\EX_6_1_201130430_1.ihx -prot .\Generated_Source\PSoC3\protect.hex -id 1E028069 -a EEPROM=90200000:800,PROGRAM=00000000:10000,CONFIG=80000000:2000,PROTECT=90400000:40 -meta 0301 -cunv 00004005 -wonv BC90ACAF -ecc .\Generated_Source\PSoC3\config.hex
Flash used: 11441 of 65536 bytes (17,5 %).
SRAM used: 169 of 8192 bytes (2,1 %).
--------------- Build Succeeded: 11/27/2013 10:04:18 ---------------
