C51 COMPILER V9.51   FILTER_1_COEFFICIENTS                                                 12/19/2013 21:53:10 PAGE 1   


C51 COMPILER V9.51, COMPILATION OF MODULE FILTER_1_COEFFICIENTS
OBJECT MODULE PLACED IN .\DP8051\DP8051_Keil_951\Debug\Filter_1_Coefficients.obj
COMPILER INVOKED BY: C:\Program Files (x86)\Cypress\PSoC Creator\3.0\PSoC Creator\import\keil\pk51\9.51\C51\BIN\c51.exe 
                    -.\Generated_Source\PSoC3\Filter_1_Coefficients.c NOIV LARGE MODDP2 OMF2 VB(1) PR(.\DP8051\DP8051_Keil_951\Debug\Filter_1
                    -_Coefficients.lst) CD DB NOIP OT(2,SIZE) INCDIR(.,.\Generated_Source\PSoC3) OJ(.\DP8051\DP8051_Keil_951\Debug\Filter_1_C
                    -oefficients.obj)

line level    source

   1          #include "Filter_1.h"
   2          #include "Filter_1_PVT.h"
   3          
   4          
   5          /*******************************************************************************
   6          * ChannelA filter coefficients.
   7          * Filter Type is FIR
   8          *******************************************************************************/
   9          
  10          /* Renamed array for backward compatibility.
  11          *  Should not be used in new designs.
  12          */
  13          #define ChannelAFirCoefficients Filter_1_ChannelAFirCoefficients
  14          
  15          /* Number of FIR filter taps are: 25 */
  16          
  17          const uint8 CYCODE Filter_1_ChannelAFirCoefficients[Filter_1_FIR_A_SIZE] = 
  18          {
  19           0x6Eu, 0xE6u, 0xFFu, 0x00u, /* Tap(0), -0.000780344009399414 */
  20          
  21           0x6Au, 0x4Au, 0x00u, 0x00u, /* Tap(1), 0.00227093696594238 */
  22          
  23           0xA9u, 0x6Du, 0x00u, 0x00u, /* Tap(2), 0.00334656238555908 */
  24          
  25           0x3Eu, 0x88u, 0xFFu, 0x00u, /* Tap(3), -0.00365471839904785 */
  26          
  27           0x23u, 0x7Bu, 0xFEu, 0x00u, /* Tap(4), -0.0118671655654907 */
  28          
  29           0x3Du, 0x1Au, 0x00u, 0x00u, /* Tap(5), 0.000800728797912598 */
  30          
  31           0x1Au, 0x99u, 0x03u, 0x00u, /* Tap(6), 0.0281097888946533 */
  32          
  33           0x97u, 0x2Eu, 0x02u, 0x00u, /* Tap(7), 0.0170468091964722 */
  34          
  35           0x6Eu, 0xC2u, 0xF9u, 0x00u, /* Tap(8), -0.0487539768218994 */
  36          
  37           0x8Bu, 0xF4u, 0xF6u, 0x00u, /* Tap(9), -0.0706621408462524 */
  38          
  39           0x94u, 0x7Du, 0x08u, 0x00u, /* Tap(10), 0.0663323402404785 */
  40          
  41           0xBEu, 0x00u, 0x27u, 0x00u, /* Tap(11), 0.304710149765015 */
  42          
  43           0xCAu, 0x8Du, 0x36u, 0x00u, /* Tap(12), 0.426202058792114 */
  44          
  45           0xBEu, 0x00u, 0x27u, 0x00u, /* Tap(13), 0.304710149765015 */
  46          
  47           0x94u, 0x7Du, 0x08u, 0x00u, /* Tap(14), 0.0663323402404785 */
  48          
  49           0x8Bu, 0xF4u, 0xF6u, 0x00u, /* Tap(15), -0.0706621408462524 */
  50          
  51           0x6Eu, 0xC2u, 0xF9u, 0x00u, /* Tap(16), -0.0487539768218994 */
  52          
C51 COMPILER V9.51   FILTER_1_COEFFICIENTS                                                 12/19/2013 21:53:10 PAGE 2   

  53           0x97u, 0x2Eu, 0x02u, 0x00u, /* Tap(17), 0.0170468091964722 */
  54          
  55           0x1Au, 0x99u, 0x03u, 0x00u, /* Tap(18), 0.0281097888946533 */
  56          
  57           0x3Du, 0x1Au, 0x00u, 0x00u, /* Tap(19), 0.000800728797912598 */
  58          
  59           0x23u, 0x7Bu, 0xFEu, 0x00u, /* Tap(20), -0.0118671655654907 */
  60          
  61           0x3Eu, 0x88u, 0xFFu, 0x00u, /* Tap(21), -0.00365471839904785 */
  62          
  63           0xA9u, 0x6Du, 0x00u, 0x00u, /* Tap(22), 0.00334656238555908 */
  64          
  65           0x6Au, 0x4Au, 0x00u, 0x00u, /* Tap(23), 0.00227093696594238 */
  66          
  67           0x6Eu, 0xE6u, 0xFFu, 0x00u, /* Tap(24), -0.000780344009399414 */
  68          };
  69          
C51 COMPILER V9.51   FILTER_1_COEFFICIENTS                                                 12/19/2013 21:53:10 PAGE 3   

ASSEMBLY LISTING OF GENERATED OBJECT CODE




MODULE INFORMATION:   STATIC OVERLAYABLE
   CODE SIZE        =   ----    ----
   CONSTANT SIZE    =    100    ----
   XDATA SIZE       =   ----    ----
   PDATA SIZE       =   ----    ----
   DATA SIZE        =   ----    ----
   IDATA SIZE       =   ----    ----
   BIT SIZE         =   ----    ----
   EDATA SIZE       =   ----    ----
   HDATA SIZE       =   ----    ----
   XDATA CONST SIZE =   ----    ----
   FAR CONST SIZE   =   ----    ----
END OF MODULE INFORMATION.


C51 COMPILATION COMPLETE.  0 WARNING(S),  0 ERROR(S)
