--------------- Rebuild Started: 11/27/2013 14:23:30 Project: Mikrofon, Configuration: DP8051 Keil 9.51 Debug ---------------
Deleting file ".\DP8051\DP8051_Keil_951\Debug\main.obj"
Deleting file ".\DP8051\DP8051_Keil_951\Debug\cyfitter_cfg.obj"
Deleting file ".\DP8051\DP8051_Keil_951\Debug\Signal_in.obj"
Deleting file ".\DP8051\DP8051_Keil_951\Debug\DAC_out.obj"
Deleting file ".\DP8051\DP8051_Keil_951\Debug\CyBootAsmKeil.obj"
Deleting file ".\DP8051\DP8051_Keil_951\Debug\CyDmac.obj"
Deleting file ".\DP8051\DP8051_Keil_951\Debug\CyFlash.obj"
Deleting file ".\DP8051\DP8051_Keil_951\Debug\CyLib.obj"
Deleting file ".\DP8051\DP8051_Keil_951\Debug\cymem.obj"
Deleting file ".\DP8051\DP8051_Keil_951\Debug\cyPm.obj"
Deleting file ".\DP8051\DP8051_Keil_951\Debug\CySpc.obj"
Deleting file ".\DP8051\DP8051_Keil_951\Debug\cyutils.obj"
Deleting file ".\DP8051\DP8051_Keil_951\Debug\KeilStart.obj"
Deleting file ".\DP8051\DP8051_Keil_951\Debug\ADC_DelSig_1.obj"
Deleting file ".\DP8051\DP8051_Keil_951\Debug\ADC_DelSig_1_PM.obj"
Deleting file ".\DP8051\DP8051_Keil_951\Debug\ADC_DelSig_1_INT.obj"
Deleting file ".\DP8051\DP8051_Keil_951\Debug\DMA_1_dma.obj"
Deleting file ".\DP8051\DP8051_Keil_951\Debug\VDAC8_1.obj"
Deleting file ".\DP8051\DP8051_Keil_951\Debug\VDAC8_1_PM.obj"
Deleting file ".\DP8051\DP8051_Keil_951\Debug\ADC_DelSig_1_theACLK.obj"
Deleting file ".\DP8051\DP8051_Keil_951\Debug\ADC_DelSig_1_Ext_CP_Clk.obj"
Deleting file ".\DP8051\DP8051_Keil_951\Debug\Filter_1.obj"
Deleting file ".\DP8051\DP8051_Keil_951\Debug\Filter_1_PM.obj"
Deleting file ".\DP8051\DP8051_Keil_951\Debug\Filter_1_PVT.obj"
Deleting file ".\DP8051\DP8051_Keil_951\Debug\Filter_1_RAM_Data.obj"
Deleting file ".\DP8051\DP8051_Keil_951\Debug\Filter_1_Coefficients.obj"
Deleting file ".\DP8051\DP8051_Keil_951\Debug\DMA_2_dma.obj"
Deleting file ".\DP8051\DP8051_Keil_951\Debug\Control_Reg_1.obj"
Deleting file ".\DP8051\DP8051_Keil_951\Debug\isr_1.obj"
Deleting file ".\DP8051\DP8051_Keil_951\Debug\isr_2.obj"
Deleting file ".\DP8051\DP8051_Keil_951\Debug\test_01.obj"
Deleting file ".\DP8051\DP8051_Keil_951\Debug\Opamp_1.obj"
Deleting file ".\DP8051\DP8051_Keil_951\Debug\Opamp_1_PM.obj"
Deleting file ".\DP8051\DP8051_Keil_951\Debug\V_Ref.obj"
Deleting file ".\DP8051\DP8051_Keil_951\Debug\PGA_1.obj"
Deleting file ".\DP8051\DP8051_Keil_951\Debug\PGA_1_PM.obj"
Deleting file ".\DP8051\DP8051_Keil_951\Debug\ADC_DelSig_1_IRQ.obj"
Deleting file ".\DP8051\DP8051_Keil_951\Debug\V_PGA.obj"
Deleting file ".\DP8051\DP8051_Keil_951\Debug\Mikrofon.hex"
Deleting file ".\DP8051\DP8051_Keil_951\Debug\Mikrofon.elf"
Deleting file ".\DP8051\DP8051_Keil_951\Debug\Mikrofon.map"
Deleting file ".\Mikrofon.cycdx"
Deleting file ".\Mikrofon.svd"
Deleting file ".\Mikrofon.rpt"
Deleting file ".\Mikrofon_timing.html"
Deleting file ".\DP8051\DP8051_Keil_951\Debug\.deps\C_FILE.P"
Deleting file ".\DP8051\DP8051_Keil_951\Debug\.deps\DP8051_C_FILE.P"
Deleting file ".\DP8051\DP8051_Keil_951\Debug\.deps\KEIL_8051_ASM_FILE.P"
cydsfit.exe "-.appdatapath" "C:\Users\Kneecap\AppData\Local\Cypress Semiconductor\PSoC Creator\3.0" "-.fdsnotice" "-.fdswarpdepfile=warp_dependencies.txt" "-.fdselabdepfile=elab_dependencies.txt" "-.fdsbldfile=generated_files.txt" "-p" "D:\Dropbox\Alex Mads og Joachims mappe\MSE\Oevelse6\Mikrofon.cydsn\Mikrofon.cyprj" "-d" "CY8C3866AXI-040" "-s" "D:\Dropbox\Alex Mads og Joachims mappe\MSE\Oevelse6\Mikrofon.cydsn\Generated_Source\PSoC3" "--" "-yv2" "-v3" "-ygs" "-q10" "-o2" "-.fftcfgtype=BE"
Elaborating Design...
HDL Generation ...
Synthesis ...
Place and Route ...
Tech mapping ...
Info: mpr.M0037: Unused pieces of the design have been optimized out. See the Tech mapping section of the report file for details. (App=cydsfit)
Analog Placement ...
Log: apr.M0058: The analog placement iterative improvement is 28% done. (App=cydsfit)
Log: apr.M0058: The analog placement iterative improvement is 58% done. (App=cydsfit)
Analog Routing ...
Analog Code Generation ...
Digital Placement ...
Digital Routing ...
Bitstream Generation ...
Static timing analysis ...
API Generation ...
Dependency Generation ...
Clean Temporary Files ...
c51.exe .\main.c NOIV LARGE MODDP2 OMF2 VB(1) PR(.\DP8051\DP8051_Keil_951\Debug\main.lst) CD DB NOIP "OT(2, Size)" "INCDIR(., .\Generated_Source\PSoC3)" OJ(.\DP8051\DP8051_Keil_951\Debug\main.obj)
c51.exe .\Generated_Source\PSoC3\cyfitter_cfg.c NOIV LARGE MODDP2 OMF2 VB(1) PR(.\DP8051\DP8051_Keil_951\Debug\cyfitter_cfg.lst) CD DB NOIP "OT(2, Size)" "INCDIR(., .\Generated_Source\PSoC3)" OJ(.\DP8051\DP8051_Keil_951\Debug\cyfitter_cfg.obj)
c51.exe .\Generated_Source\PSoC3\Signal_in.c NOIV LARGE MODDP2 OMF2 VB(1) PR(.\DP8051\DP8051_Keil_951\Debug\Signal_in.lst) CD DB NOIP "OT(2, Size)" "INCDIR(., .\Generated_Source\PSoC3)" OJ(.\DP8051\DP8051_Keil_951\Debug\Signal_in.obj)
c51.exe .\Generated_Source\PSoC3\DAC_out.c NOIV LARGE MODDP2 OMF2 VB(1) PR(.\DP8051\DP8051_Keil_951\Debug\DAC_out.lst) CD DB NOIP "OT(2, Size)" "INCDIR(., .\Generated_Source\PSoC3)" OJ(.\DP8051\DP8051_Keil_951\Debug\DAC_out.obj)
Ax51.exe .\Generated_Source\PSoC3\CyBootAsmKeil.a51 NOCO MACRO DB PR(.\DP8051\DP8051_Keil_951\Debug/CyBootAsmKeil.lst) CASE EP "INCDIR(., .\Generated_Source\PSoC3)" OJ(.\DP8051\DP8051_Keil_951\Debug\CyBootAsmKeil.obj)
c51.exe .\Generated_Source\PSoC3\CyDmac.c NOIV LARGE MODDP2 OMF2 VB(1) PR(.\DP8051\DP8051_Keil_951\Debug\CyDmac.lst) CD DB NOIP "OT(2, Size)" "INCDIR(., .\Generated_Source\PSoC3)" OJ(.\DP8051\DP8051_Keil_951\Debug\CyDmac.obj)
c51.exe .\Generated_Source\PSoC3\CyFlash.c NOIV LARGE MODDP2 OMF2 VB(1) PR(.\DP8051\DP8051_Keil_951\Debug\CyFlash.lst) CD DB NOIP "OT(2, Size)" "INCDIR(., .\Generated_Source\PSoC3)" OJ(.\DP8051\DP8051_Keil_951\Debug\CyFlash.obj)
c51.exe .\Generated_Source\PSoC3\CyLib.c NOIV LARGE MODDP2 OMF2 VB(1) PR(.\DP8051\DP8051_Keil_951\Debug\CyLib.lst) CD DB NOIP "OT(2, Size)" "INCDIR(., .\Generated_Source\PSoC3)" OJ(.\DP8051\DP8051_Keil_951\Debug\CyLib.obj)
Ax51.exe .\Generated_Source\PSoC3\cymem.a51 NOCO MACRO DB PR(.\DP8051\DP8051_Keil_951\Debug/cymem.lst) CASE EP "INCDIR(., .\Generated_Source\PSoC3)" OJ(.\DP8051\DP8051_Keil_951\Debug\cymem.obj)
c51.exe .\Generated_Source\PSoC3\cyPm.c NOIV LARGE MODDP2 OMF2 VB(1) PR(.\DP8051\DP8051_Keil_951\Debug\cyPm.lst) CD DB NOIP "OT(2, Size)" "INCDIR(., .\Generated_Source\PSoC3)" OJ(.\DP8051\DP8051_Keil_951\Debug\cyPm.obj)
c51.exe .\Generated_Source\PSoC3\CySpc.c NOIV LARGE MODDP2 OMF2 VB(1) PR(.\DP8051\DP8051_Keil_951\Debug\CySpc.lst) CD DB NOIP "OT(2, Size)" "INCDIR(., .\Generated_Source\PSoC3)" OJ(.\DP8051\DP8051_Keil_951\Debug\CySpc.obj)
c51.exe .\Generated_Source\PSoC3\cyutils.c NOIV LARGE MODDP2 OMF2 VB(1) PR(.\DP8051\DP8051_Keil_951\Debug\cyutils.lst) CD DB NOIP "OT(2, Size)" "INCDIR(., .\Generated_Source\PSoC3)" OJ(.\DP8051\DP8051_Keil_951\Debug\cyutils.obj)
Ax51.exe .\Generated_Source\PSoC3\KeilStart.a51 NOCO MACRO DB PR(.\DP8051\DP8051_Keil_951\Debug/KeilStart.lst) CASE EP "INCDIR(., .\Generated_Source\PSoC3)" OJ(.\DP8051\DP8051_Keil_951\Debug\KeilStart.obj)
c51.exe .\Generated_Source\PSoC3\ADC_DelSig_1.c NOIV LARGE MODDP2 OMF2 VB(1) PR(.\DP8051\DP8051_Keil_951\Debug\ADC_DelSig_1.lst) CD DB NOIP "OT(2, Size)" "INCDIR(., .\Generated_Source\PSoC3)" OJ(.\DP8051\DP8051_Keil_951\Debug\ADC_DelSig_1.obj)
c51.exe .\Generated_Source\PSoC3\ADC_DelSig_1_PM.c NOIV LARGE MODDP2 OMF2 VB(1) PR(.\DP8051\DP8051_Keil_951\Debug\ADC_DelSig_1_PM.lst) CD DB NOIP "OT(2, Size)" "INCDIR(., .\Generated_Source\PSoC3)" OJ(.\DP8051\DP8051_Keil_951\Debug\ADC_DelSig_1_PM.obj)
c51.exe .\Generated_Source\PSoC3\ADC_DelSig_1_INT.c NOIV LARGE MODDP2 OMF2 VB(1) PR(.\DP8051\DP8051_Keil_951\Debug\ADC_DelSig_1_INT.lst) CD DB NOIP "OT(2, Size)" "INCDIR(., .\Generated_Source\PSoC3)" OJ(.\DP8051\DP8051_Keil_951\Debug\ADC_DelSig_1_INT.obj)
c51.exe .\Generated_Source\PSoC3\DMA_1_dma.c NOIV LARGE MODDP2 OMF2 VB(1) PR(.\DP8051\DP8051_Keil_951\Debug\DMA_1_dma.lst) CD DB NOIP "OT(2, Size)" "INCDIR(., .\Generated_Source\PSoC3)" OJ(.\DP8051\DP8051_Keil_951\Debug\DMA_1_dma.obj)
c51.exe .\Generated_Source\PSoC3\VDAC8_1.c NOIV LARGE MODDP2 OMF2 VB(1) PR(.\DP8051\DP8051_Keil_951\Debug\VDAC8_1.lst) CD DB NOIP "OT(2, Size)" "INCDIR(., .\Generated_Source\PSoC3)" OJ(.\DP8051\DP8051_Keil_951\Debug\VDAC8_1.obj)
c51.exe .\Generated_Source\PSoC3\VDAC8_1_PM.c NOIV LARGE MODDP2 OMF2 VB(1) PR(.\DP8051\DP8051_Keil_951\Debug\VDAC8_1_PM.lst) CD DB NOIP "OT(2, Size)" "INCDIR(., .\Generated_Source\PSoC3)" OJ(.\DP8051\DP8051_Keil_951\Debug\VDAC8_1_PM.obj)
c51.exe .\Generated_Source\PSoC3\ADC_DelSig_1_theACLK.c NOIV LARGE MODDP2 OMF2 VB(1) PR(.\DP8051\DP8051_Keil_951\Debug\ADC_DelSig_1_theACLK.lst) CD DB NOIP "OT(2, Size)" "INCDIR(., .\Generated_Source\PSoC3)" OJ(.\DP8051\DP8051_Keil_951\Debug\ADC_DelSig_1_theACLK.obj)
c51.exe .\Generated_Source\PSoC3\ADC_DelSig_1_Ext_CP_Clk.c NOIV LARGE MODDP2 OMF2 VB(1) PR(.\DP8051\DP8051_Keil_951\Debug\ADC_DelSig_1_Ext_CP_Clk.lst) CD DB NOIP "OT(2, Size)" "INCDIR(., .\Generated_Source\PSoC3)" OJ(.\DP8051\DP8051_Keil_951\Debug\ADC_DelSig_1_Ext_CP_Clk.obj)
c51.exe .\Generated_Source\PSoC3\Filter_1.c NOIV LARGE MODDP2 OMF2 VB(1) PR(.\DP8051\DP8051_Keil_951\Debug\Filter_1.lst) CD DB NOIP "OT(2, Size)" "INCDIR(., .\Generated_Source\PSoC3)" OJ(.\DP8051\DP8051_Keil_951\Debug\Filter_1.obj)
c51.exe .\Generated_Source\PSoC3\Filter_1_PM.c NOIV LARGE MODDP2 OMF2 VB(1) PR(.\DP8051\DP8051_Keil_951\Debug\Filter_1_PM.lst) CD DB NOIP "OT(2, Size)" "INCDIR(., .\Generated_Source\PSoC3)" OJ(.\DP8051\DP8051_Keil_951\Debug\Filter_1_PM.obj)
c51.exe .\Generated_Source\PSoC3\Filter_1_PVT.c NOIV LARGE MODDP2 OMF2 VB(1) PR(.\DP8051\DP8051_Keil_951\Debug\Filter_1_PVT.lst) CD DB NOIP "OT(2, Size)" "INCDIR(., .\Generated_Source\PSoC3)" OJ(.\DP8051\DP8051_Keil_951\Debug\Filter_1_PVT.obj)
c51.exe .\Generated_Source\PSoC3\Filter_1_RAM_Data.c NOIV LARGE MODDP2 OMF2 VB(1) PR(.\DP8051\DP8051_Keil_951\Debug\Filter_1_RAM_Data.lst) CD DB NOIP "OT(2, Size)" "INCDIR(., .\Generated_Source\PSoC3)" OJ(.\DP8051\DP8051_Keil_951\Debug\Filter_1_RAM_Data.obj)
c51.exe .\Generated_Source\PSoC3\Filter_1_Coefficients.c NOIV LARGE MODDP2 OMF2 VB(1) PR(.\DP8051\DP8051_Keil_951\Debug\Filter_1_Coefficients.lst) CD DB NOIP "OT(2, Size)" "INCDIR(., .\Generated_Source\PSoC3)" OJ(.\DP8051\DP8051_Keil_951\Debug\Filter_1_Coefficients.obj)
c51.exe .\Generated_Source\PSoC3\DMA_2_dma.c NOIV LARGE MODDP2 OMF2 VB(1) PR(.\DP8051\DP8051_Keil_951\Debug\DMA_2_dma.lst) CD DB NOIP "OT(2, Size)" "INCDIR(., .\Generated_Source\PSoC3)" OJ(.\DP8051\DP8051_Keil_951\Debug\DMA_2_dma.obj)
c51.exe .\Generated_Source\PSoC3\Control_Reg_1.c NOIV LARGE MODDP2 OMF2 VB(1) PR(.\DP8051\DP8051_Keil_951\Debug\Control_Reg_1.lst) CD DB NOIP "OT(2, Size)" "INCDIR(., .\Generated_Source\PSoC3)" OJ(.\DP8051\DP8051_Keil_951\Debug\Control_Reg_1.obj)
c51.exe .\Generated_Source\PSoC3\isr_1.c NOIV LARGE MODDP2 OMF2 VB(1) PR(.\DP8051\DP8051_Keil_951\Debug\isr_1.lst) CD DB NOIP "OT(2, Size)" "INCDIR(., .\Generated_Source\PSoC3)" OJ(.\DP8051\DP8051_Keil_951\Debug\isr_1.obj)
c51.exe .\Generated_Source\PSoC3\isr_2.c NOIV LARGE MODDP2 OMF2 VB(1) PR(.\DP8051\DP8051_Keil_951\Debug\isr_2.lst) CD DB NOIP "OT(2, Size)" "INCDIR(., .\Generated_Source\PSoC3)" OJ(.\DP8051\DP8051_Keil_951\Debug\isr_2.obj)
c51.exe .\Generated_Source\PSoC3\test_01.c NOIV LARGE MODDP2 OMF2 VB(1) PR(.\DP8051\DP8051_Keil_951\Debug\test_01.lst) CD DB NOIP "OT(2, Size)" "INCDIR(., .\Generated_Source\PSoC3)" OJ(.\DP8051\DP8051_Keil_951\Debug\test_01.obj)
c51.exe .\Generated_Source\PSoC3\Opamp_1.c NOIV LARGE MODDP2 OMF2 VB(1) PR(.\DP8051\DP8051_Keil_951\Debug\Opamp_1.lst) CD DB NOIP "OT(2, Size)" "INCDIR(., .\Generated_Source\PSoC3)" OJ(.\DP8051\DP8051_Keil_951\Debug\Opamp_1.obj)
c51.exe .\Generated_Source\PSoC3\Opamp_1_PM.c NOIV LARGE MODDP2 OMF2 VB(1) PR(.\DP8051\DP8051_Keil_951\Debug\Opamp_1_PM.lst) CD DB NOIP "OT(2, Size)" "INCDIR(., .\Generated_Source\PSoC3)" OJ(.\DP8051\DP8051_Keil_951\Debug\Opamp_1_PM.obj)
c51.exe .\Generated_Source\PSoC3\V_Ref.c NOIV LARGE MODDP2 OMF2 VB(1) PR(.\DP8051\DP8051_Keil_951\Debug\V_Ref.lst) CD DB NOIP "OT(2, Size)" "INCDIR(., .\Generated_Source\PSoC3)" OJ(.\DP8051\DP8051_Keil_951\Debug\V_Ref.obj)
c51.exe .\Generated_Source\PSoC3\PGA_1.c NOIV LARGE MODDP2 OMF2 VB(1) PR(.\DP8051\DP8051_Keil_951\Debug\PGA_1.lst) CD DB NOIP "OT(2, Size)" "INCDIR(., .\Generated_Source\PSoC3)" OJ(.\DP8051\DP8051_Keil_951\Debug\PGA_1.obj)
c51.exe .\Generated_Source\PSoC3\PGA_1_PM.c NOIV LARGE MODDP2 OMF2 VB(1) PR(.\DP8051\DP8051_Keil_951\Debug\PGA_1_PM.lst) CD DB NOIP "OT(2, Size)" "INCDIR(., .\Generated_Source\PSoC3)" OJ(.\DP8051\DP8051_Keil_951\Debug\PGA_1_PM.obj)
c51.exe .\Generated_Source\PSoC3\ADC_DelSig_1_IRQ.c NOIV LARGE MODDP2 OMF2 VB(1) PR(.\DP8051\DP8051_Keil_951\Debug\ADC_DelSig_1_IRQ.lst) CD DB NOIP "OT(2, Size)" "INCDIR(., .\Generated_Source\PSoC3)" OJ(.\DP8051\DP8051_Keil_951\Debug\ADC_DelSig_1_IRQ.obj)
c51.exe .\Generated_Source\PSoC3\V_PGA.c NOIV LARGE MODDP2 OMF2 VB(1) PR(.\DP8051\DP8051_Keil_951\Debug\V_PGA.lst) CD DB NOIP "OT(2, Size)" "INCDIR(., .\Generated_Source\PSoC3)" OJ(.\DP8051\DP8051_Keil_951\Debug\V_PGA.obj)
LIBX51.exe TRANSFER '.\DP8051\DP8051_Keil_951\Debug\cyfitter_cfg.obj', '.\DP8051\DP8051_Keil_951\Debug\Signal_in.obj', '.\DP8051\DP8051_Keil_951\Debug\DAC_out.obj', '.\DP8051\DP8051_Keil_951\Debug\CyBootAsmKeil.obj', '.\DP8051\DP8051_Keil_951\Debug\CyDmac.obj', '.\DP8051\DP8051_Keil_951\Debug\CyFlash.obj', '.\DP8051\DP8051_Keil_951\Debug\CyLib.obj', '.\DP8051\DP8051_Keil_951\Debug\cymem.obj', '.\DP8051\DP8051_Keil_951\Debug\cyPm.obj', '.\DP8051\DP8051_Keil_951\Debug\CySpc.obj', '.\DP8051\DP8051_Keil_951\Debug\cyutils.obj', '.\DP8051\DP8051_Keil_951\Debug\KeilStart.obj', '.\DP8051\DP8051_Keil_951\Debug\ADC_DelSig_1.obj', '.\DP8051\DP8051_Keil_951\Debug\ADC_DelSig_1_PM.obj', '.\DP8051\DP8051_Keil_951\Debug\ADC_DelSig_1_INT.obj', '.\DP8051\DP8051_Keil_951\Debug\DMA_1_dma.obj', '.\DP8051\DP8051_Keil_951\Debug\VDAC8_1.obj', '.\DP8051\DP8051_Keil_951\Debug\VDAC8_1_PM.obj', '.\DP8051\DP8051_Keil_951\Debug\ADC_DelSig_1_theACLK.obj', '.\DP8051\DP8051_Keil_951\Debug\ADC_DelSig_1_Ext_CP_Clk.obj', '.\DP8051\DP8051_Keil_951\Debug\Filter_1.obj', '.\DP8051\DP8051_Keil_951\Debug\Filter_1_PM.obj', '.\DP8051\DP8051_Keil_951\Debug\Filter_1_PVT.obj', '.\DP8051\DP8051_Keil_951\Debug\Filter_1_RAM_Data.obj', '.\DP8051\DP8051_Keil_951\Debug\Filter_1_Coefficients.obj', '.\DP8051\DP8051_Keil_951\Debug\DMA_2_dma.obj', '.\DP8051\DP8051_Keil_951\Debug\Control_Reg_1.obj', '.\DP8051\DP8051_Keil_951\Debug\isr_1.obj', '.\DP8051\DP8051_Keil_951\Debug\isr_2.obj', '.\DP8051\DP8051_Keil_951\Debug\test_01.obj', '.\DP8051\DP8051_Keil_951\Debug\Opamp_1.obj', '.\DP8051\DP8051_Keil_951\Debug\Opamp_1_PM.obj', '.\DP8051\DP8051_Keil_951\Debug\V_Ref.obj', '.\DP8051\DP8051_Keil_951\Debug\PGA_1.obj', '.\DP8051\DP8051_Keil_951\Debug\PGA_1_PM.obj', '.\DP8051\DP8051_Keil_951\Debug\ADC_DelSig_1_IRQ.obj', '.\DP8051\DP8051_Keil_951\Debug\V_PGA.obj' TO '.\DP8051\DP8051_Keil_951\Debug\Mikrofon.lib'
LX51.exe '.\DP8051\DP8051_Keil_951\Debug\main.obj', '.\DP8051\DP8051_Keil_951\Debug\Mikrofon.lib', 'C:\Programs\Cypress\PSoC Creator\3.0\PSoC Creator\psoc\content\cycomponentlibrary\CyComponentLibrary.cylib\DP8051\DP8051_Keil_951\Debug\CyComponentLibrary.lib'  TO '.\DP8051\DP8051_Keil_951\Debug\Mikrofon.omf' PR(.\DP8051\DP8051_Keil_951\Debug\Mikrofon.map) IX CODE DW(16) RU CL(XDATA(X:0x0000-X:0x1FFF)) CL(CODE(C:0x0000-C:0xFFFF)) CL(CONST(C:0x0000-C:0xFFFF))
*** WARNING L15: MULTIPLE CALL TO FUNCTION
    NAME:    _TEST_01_WRITE/TEST_01
    CALLER1: ADC_INT/MAIN
    CALLER2: SAMPLE_INT/MAIN
Program Size: data=14.0 xdata=172 const=1663 code=10304
OHx51.exe Mikrofon.omf HEXFILE(Mikrofon.ihx)
c8051-elf-omf2elf.exe Mikrofon.omf Mikrofon.elf
cyhextool -o .\DP8051\DP8051_Keil_951\Debug\Mikrofon.hex -f .\DP8051\DP8051_Keil_951\Debug\Mikrofon.ihx -prot .\Generated_Source\PSoC3\protect.hex -id 1E028069 -a EEPROM=90200000:800,PROGRAM=00000000:10000,CONFIG=80000000:2000,PROTECT=90400000:40 -meta 0301 -cunv 00004005 -wonv BC90ACAF -ecc .\Generated_Source\PSoC3\config.hex
Flash used: 11967 of 65536 bytes (18,3 %).
SRAM used: 172 of 8192 bytes (2,1 %).
--------------- Rebuild Succeeded: 11/27/2013 14:23:45 ---------------
