--------------- Clean Started: 11/27/2013 12:08:31 Project: Mikrofon, Configuration: DP8051 Keil 9.51 Debug ---------------
Deleting file ".\DP8051\DP8051_Keil_951\Debug\main.obj"
Deleting file ".\DP8051\DP8051_Keil_951\Debug\cyfitter_cfg.obj"
Deleting file ".\DP8051\DP8051_Keil_951\Debug\Signal_in.obj"
Deleting file ".\DP8051\DP8051_Keil_951\Debug\DAC_out.obj"
Deleting file ".\DP8051\DP8051_Keil_951\Debug\CyBootAsmKeil.obj"
Deleting file ".\DP8051\DP8051_Keil_951\Debug\CyDmac.obj"
Deleting file ".\DP8051\DP8051_Keil_951\Debug\CyFlash.obj"
Deleting file ".\DP8051\DP8051_Keil_951\Debug\CyLib.obj"
Deleting file ".\DP8051\DP8051_Keil_951\Debug\cymem.obj"
Deleting file ".\DP8051\DP8051_Keil_951\Debug\cyPm.obj"
Deleting file ".\DP8051\DP8051_Keil_951\Debug\CySpc.obj"
Deleting file ".\DP8051\DP8051_Keil_951\Debug\cyutils.obj"
Deleting file ".\DP8051\DP8051_Keil_951\Debug\KeilStart.obj"
Deleting file ".\DP8051\DP8051_Keil_951\Debug\ADC_DelSig_1.obj"
Deleting file ".\DP8051\DP8051_Keil_951\Debug\ADC_DelSig_1_PM.obj"
Deleting file ".\DP8051\DP8051_Keil_951\Debug\ADC_DelSig_1_INT.obj"
Deleting file ".\DP8051\DP8051_Keil_951\Debug\DMA_1_dma.obj"
Deleting file ".\DP8051\DP8051_Keil_951\Debug\VDAC8_1.obj"
Deleting file ".\DP8051\DP8051_Keil_951\Debug\VDAC8_1_PM.obj"
Deleting file ".\DP8051\DP8051_Keil_951\Debug\ADC_DelSig_1_theACLK.obj"
Deleting file ".\DP8051\DP8051_Keil_951\Debug\ADC_DelSig_1_Ext_CP_Clk.obj"
Deleting file ".\DP8051\DP8051_Keil_951\Debug\Filter_1.obj"
Deleting file ".\DP8051\DP8051_Keil_951\Debug\Filter_1_PM.obj"
Deleting file ".\DP8051\DP8051_Keil_951\Debug\Filter_1_PVT.obj"
Deleting file ".\DP8051\DP8051_Keil_951\Debug\Filter_1_RAM_Data.obj"
Deleting file ".\DP8051\DP8051_Keil_951\Debug\Filter_1_Coefficients.obj"
Deleting file ".\DP8051\DP8051_Keil_951\Debug\DMA_2_dma.obj"
Deleting file ".\DP8051\DP8051_Keil_951\Debug\Control_Reg_1.obj"
Deleting file ".\DP8051\DP8051_Keil_951\Debug\isr_1.obj"
Deleting file ".\DP8051\DP8051_Keil_951\Debug\isr_2.obj"
Deleting file ".\DP8051\DP8051_Keil_951\Debug\test_01.obj"
Deleting file ".\DP8051\DP8051_Keil_951\Debug\Opamp_1.obj"
Deleting file ".\DP8051\DP8051_Keil_951\Debug\Opamp_1_PM.obj"
Deleting file ".\DP8051\DP8051_Keil_951\Debug\V_Ref.obj"
Deleting file ".\DP8051\DP8051_Keil_951\Debug\PGA_1.obj"
Deleting file ".\DP8051\DP8051_Keil_951\Debug\PGA_1_PM.obj"
Deleting file ".\DP8051\DP8051_Keil_951\Debug\ADC_DelSig_1_IRQ.obj"
Deleting file ".\DP8051\DP8051_Keil_951\Debug\Mikrofon.hex"
Deleting file ".\DP8051\DP8051_Keil_951\Debug\Mikrofon.elf"
Deleting file ".\DP8051\DP8051_Keil_951\Debug\Mikrofon.map"
Deleting file ".\Mikrofon.cycdx"
Deleting file ".\Mikrofon.svd"
Deleting file ".\Mikrofon.rpt"
Deleting file ".\Mikrofon_timing.html"
Deleting file ".\DP8051\DP8051_Keil_951\Debug\.deps\C_FILE.P"
Deleting file ".\DP8051\DP8051_Keil_951\Debug\.deps\DP8051_C_FILE.P"
Deleting file ".\DP8051\DP8051_Keil_951\Debug\.deps\KEIL_8051_ASM_FILE.P"
--------------- Clean Succeeded: 11/27/2013 12:08:32 ---------------
